                       Lbs-       Acc+                Mpg+         n_evals avg
---------------------  ---------  ------------------  ---------  -------------
all                    2800.0     15.5                20.0                   0
sway1                  2170.75    16.345000000000002  30.5                   6
sway2 (pca)            1917.25    16.904999999999998  30.0                   5
sway3 (agglo)          1833.0     17.245000000000005  30.0                   4
sway4 (kmeans)         2290.0     15.5                30.0                   5
xpln1                  2289.95    16.07               28.5                   6
xpln2 (pca+kdtree)     1965.1     17.025              30.0                   5
xpln3 (agglo+kdtree)   1869.8     16.860000000000003  30.0                   4
xpln4 (kmeans+kdtree)  2282.6     15.934999999999999  30.0                   5
top                    1985.0     18.78000000000001   40.0                 398
Mann-Whitney U Sways   ['sway3']  ['sway3']           ['sway1']
Kruskal-Wallis Sways   ['sway3']  ['sway3']           ['sway1']
Mann-Whitney U Xplns   ['xpln3']  ['xpln2']           ['xpln2']
Kruskal-Wallis Xplns   ['xpln3']  ['xpln2']           ['xpln2']
                Lbs-    Acc+    Mpg+
--------------  ------  ------  ------
all to all      =       =       =
all to sway1    ≠       ≠       ≠
sway1 to sway2  ≠       ≠       ≠
sway1 to sway3  ≠       ≠       ≠
sway1 to sway4  ≠       ≠       ≠
sway1 to xpln1  ≠       ≠       ≠
sway2 to xpln2  ≠       ≠       ≠
sway3 to xpln3  ≠       ≠       ≠
sway4 to xpln4  ≠       ≠       ≠
sway1 to top    ≠       ≠       ≠