MWU and KW significance level:  0.05
                       MRE-                    ACC+                    PRED40+                   n_evals avg
---------------------  ----------------------  ----------------------  ----------------------  -------------
all                    75.04                   7.11                    25.0                                0
sway1                  73.49                   7.6                     25.0                                8
sway2 (pca)            71.92                   8.09                    25.0                                7
sway3 (agglo)          83.22                   4.83                    30.0                                7
sway4 (kmeans)         71.86                   8.09                    25.0                                7
xpln1                  73.78                   7.55                    25.0                                8
xpln2 (pca+kdtree)     73.78                   7.53                    25.0                                7
xpln3 (agglo+kdtree)   84.47                   4.46                    30.0                                7
xpln4 (kmeans+kdtree)  73.06                   7.73                    25.0                                7
top                    64.91                   11.33                   25.0                            10000
samp tax1              1.55                    -0.49                   0.0
xpln tax1              -0.29                   0.05                    0.0
samp tax2              3.12                    -0.98                   0.0
xpln tax2              -1.86                   0.56                    0.0
samp tax3              -8.18                   2.28                    -5.0
xpln tax3              -1.25                   0.37                    0.0
samp tax4              3.18                    -0.98                   0.0
xpln tax4              -1.2                    0.36                    0.0
KW Sway p-vals         2.3186042524104077e-25  7.130795189900048e-23   1.0701127366478003e-12
KW Xpln p-vals         4.977104644749681e-05   0.00023010350274983563  0.0058762204291137295
Mann-Whitney U Sways   ['sway4']               ['sway2']               ['sway3']
Kruskal-Wallis Sways   ['sway4']               ['sway2']               ['sway3']
Mann-Whitney U Xplns   ['xpln4']               ['xpln4']               ['xpln3']
Kruskal-Wallis Xplns   ['xpln4']               ['xpln4']               ['xpln3']

                MRE-    ACC+    PRED40+
--------------  ------  ------  ---------
all to all      =       =       =
all to sway1    ≠       ≠       ≠
sway1 to sway2  ≠       ≠       ≠
sway1 to sway3  ≠       ≠       ≠
sway1 to sway4  ≠       ≠       ≠
sway1 to xpln1  ≠       ≠       ≠
sway2 to xpln2  ≠       ≠       ≠
sway3 to xpln3  ≠       ≠       ≠
sway4 to xpln4  ≠       ≠       ≠
sway1 to top    ≠       ≠       ≠
