MWU and KW significance level:  0.05
                       Kloc+                  Effort-                 Defects-                Months-                   n_evals avg
---------------------  ---------------------  ----------------------  ----------------------  ----------------------  -------------
all                    41.0                   240.0                   2004.0                  21.3                                0
sway1                  16.46                  93.81                   680.4                   14.14                               5
sway2 (pca)            3.0                    10.8                    109.0                   7.8                                 4
sway3 (agglo)          0.9                    8.4                     28.0                    4.9                                 6
sway4 (kmeans)         3.5                    18.0                    172.0                   9.1                                 7
xpln1                  24.89                  117.27                  986.9                   15.95                               5
xpln2 (pca+kdtree)     9.19                   53.4                    412.8                   11.23                               4
xpln3 (agglo+kdtree)   10.33                  43.0                    329.7                   9.22                                6
xpln4 (kmeans+kdtree)  8.11                   47.7                    337.2                   11.99                               7
top                    3.5                    10.8                    109.0                   7.8                                93
samp tax1              24.54                  146.19                  1323.6                  7.16
xpln tax1              -8.43                  -23.46                  -306.5                  -1.81
samp tax2              38.0                   229.2                   1895.0                  13.5
xpln tax2              -6.19                  -42.6                   -303.8                  -3.43
samp tax3              40.1                   231.6                   1976.0                  16.4
xpln tax3              -9.43                  -34.6                   -301.7                  -4.32
samp tax4              37.5                   222.0                   1832.0                  12.2
xpln tax4              -4.61                  -29.7                   -165.2                  -2.89
KW Sway p-vals         2.111112617331578e-05  2.1632652085688576e-05  1.854994572015073e-05   2.3461772322552697e-05
KW Xpln p-vals         0.0007192888000286029  0.0007476262135482854   0.00037010983379149654  0.00021131918500576753
Mann-Whitney U Sways   ['sway1']              ['sway3']               ['sway3']               ['sway3']
Kruskal-Wallis Sways   ['sway1']              ['sway3']               ['sway3']               ['sway3']
Mann-Whitney U Xplns   ['xpln1']              ['xpln3']               ['xpln3']               ['xpln3']
Kruskal-Wallis Xplns   ['xpln1']              ['xpln3']               ['xpln3']               ['xpln3']

                Kloc+    Effort-    Defects-    Months-
--------------  -------  ---------  ----------  ---------
all to all      =        =          =           =
all to sway1    ≠        ≠          ≠           ≠
sway1 to sway2  ≠        ≠          ≠           ≠
sway1 to sway3  ≠        ≠          ≠           ≠
sway1 to sway4  ≠        ≠          ≠           ≠
sway1 to xpln1  ≠        ≠          ≠           ≠
sway2 to xpln2  ≠        ≠          ≠           ≠
sway3 to xpln3  ≠        ≠          ≠           ≠
sway4 to xpln4  ≠        ≠          ≠           ≠
sway1 to top    ≠        ≠          ≠           ≠
