MWU and KW significance level:  0.05
                       Cost-                    Completion+             Idle-                   n_evals avg
---------------------  -----------------------  ----------------------  --------------------  -------------
all                    328.54                   0.9                     0.24                              0
sway1                  223.81                   0.91                    0.21                              8
sway2 (pca)            175.77                   0.89                    0.21                              7
sway3 (agglo)          149.77                   0.89                    0.23                              6
sway4 (kmeans)         341.22                   0.92                    0.33                              8
xpln1                  250.01                   0.9                     0.23                              8
xpln2 (pca+kdtree)     190.07                   0.89                    0.24                              7
xpln3 (agglo+kdtree)   168.68                   0.89                    0.25                              6
xpln4 (kmeans+kdtree)  345.64                   0.9                     0.24                              8
top                    138.51                   1.0                     0.0                           10000
samp tax1              104.73                   -0.01                   0.03
xpln tax1              -26.2                    0.01                    -0.02
samp tax2              152.77                   0.01                    0.03
xpln tax2              -14.3                    0.0                     -0.03
samp tax3              178.77                   0.01                    0.01
xpln tax3              -18.91                   0.0                     -0.02
samp tax4              -12.68                   -0.02                   -0.09
xpln tax4              -4.42                    0.02                    0.09
KW Sway p-vals         8.199771632931382e-59    0.00036678875965046064  0.005780737978618822
KW Xpln p-vals         1.5045341221893366e-275  0.001953217271363958    0.002146820100768048
Mann-Whitney U Sways   ['sway3']                ['sway4']               ['sway1']
Kruskal-Wallis Sways   ['sway3']                ['sway4']               ['sway1']
Mann-Whitney U Xplns   ['xpln3']                ['xpln1']               ['xpln1']
Kruskal-Wallis Xplns   ['xpln3']                ['xpln1']               ['xpln1']

                Cost-    Completion+    Idle-
--------------  -------  -------------  -------
all to all      =        =              =
all to sway1    ≠        ≠              ≠
sway1 to sway2  ≠        ≠              ≠
sway1 to sway3  ≠        ≠              ≠
sway1 to sway4  ≠        ≠              ≠
sway1 to xpln1  ≠        ≠              ≠
sway2 to xpln2  ≠        ≠              ≠
sway3 to xpln3  ≠        ≠              ≠
sway4 to xpln4  ≠        ≠              ≠
sway1 to top    ≠        ≠              ≠
